<?xml version="1.0" encoding="UTF-8"?>
<!-- Generated by org.testng.reporters.JUnitReportReporter -->
<testsuite hostname="LTIN229442" failures="0" tests="2" name="testCases.TC_001_TravelInsurencePageTest" time="131.886" errors="0" timestamp="2024-02-13T11:12:05 IST" skipped="0">
  <testcase classname="testCases.TC_001_TravelInsurencePageTest" name="verify_Travel" time="64.116"/>
  <testcase classname="testCases.TC_001_TravelInsurencePageTest" name="verify_Travel" time="67.770"/>
</testsuite> <!-- testCases.TC_001_TravelInsurencePageTest -->
