<?xml version="1.0" encoding="UTF-8"?>
<!-- Generated by org.testng.reporters.JUnitReportReporter -->
<testsuite hostname="LTIN229442" failures="0" tests="2" name="testCases.TC_003_HealthInsurencePageTest" time="52.265" errors="0" timestamp="2024-02-13T11:12:05 IST" skipped="0">
  <testcase classname="testCases.TC_003_HealthInsurencePageTest" name="verify_health" time="26.674"/>
  <testcase classname="testCases.TC_003_HealthInsurencePageTest" name="verify_health" time="25.591"/>
</testsuite> <!-- testCases.TC_003_HealthInsurencePageTest -->
