<?xml version="1.0" encoding="UTF-8"?>
<!-- Generated by org.testng.reporters.JUnitReportReporter -->
<testsuite hostname="LTIN229442" failures="0" tests="2" name="testCases.TC_001_CarInsurencePageTest" time="39.731" errors="0" timestamp="2024-02-13T11:12:05 IST" skipped="0">
  <testcase classname="testCases.TC_001_CarInsurencePageTest" name="verify_carInsurence" time="19.560"/>
  <testcase classname="testCases.TC_001_CarInsurencePageTest" name="verify_carInsurence" time="20.171"/>
</testsuite> <!-- testCases.TC_001_CarInsurencePageTest -->
